<?xml version="1.0" encoding="UTF-8"?>
<!-- Generated by org.testng.reporters.JUnitXMLReporter -->
<testsuite ignored="0" hostname="marupakaraju" failures="0" tests="6" name="Default test" time="28.536" errors="0" timestamp="2023-08-10T08:21:31 IST">
  <testcase classname="testCases.Validate_Login" name="Verify_Printer" time="0.011"/>
  <testcase classname="testCases.Validate_Login" name="Validate_URl" time="5.035"/>
  <testcase classname="testCases.Validate_Login" name="Validate_Title" time="0.035"/>
  <testcase classname="testCases.Validate_Login" name="Validate_Text" time="2.155"/>
  <testcase classname="testCases.Validate_Login" name="Validate_username_pass" time="13.257"/>
  <testcase classname="testCases.Validate_Login" name="Validate_LoginClick" time="3.335"/>
</testsuite> <!-- Default test -->
