<?xml version="1.0" encoding="UTF-8"?>
<!-- Generated by org.testng.reporters.JUnitXMLReporter -->
<testsuite ignored="0" hostname="marupakaraju" failures="0" tests="35" name="Test" time="275.106" errors="0" timestamp="2023-08-10T08:26:53 IST">
  <testcase classname="testCases.SenkeysMethds" name="Verify_Printer" time="0.018"/>
  <testcase classname="testCases.SenkeysMethds" name="Validate_URl" time="5.074"/>
  <testcase classname="testCases.SenkeysMethds" name="Validate_Text" time="2.154"/>
  <testcase classname="testCases.SenkeysMethds" name="Validate_username_nagetiveone" time="17.512"/>
  <testcase classname="testCases.SenkeysMethds" name="Validate_username_nagetivetwo" time="17.421"/>
  <testcase classname="testCases.SenkeysMethds" name="Validate_username_nagetivethree" time="19.482"/>
  <testcase classname="testCases.SenkeysMethds" name="Validate_username_Valid" time="15.352"/>
  <testcase classname="testCases.Assert_Validation" name="Validate_URl" time="5.064"/>
  <testcase classname="testCases.Assert_Validation" name="Validate_URl" time="5.073"/>
  <testcase classname="testCases.Assert_Validation" name="Validate_URl" time="5.08"/>
  <testcase classname="testCases.Assert_Validation" name="Validate_URl" time="5.088"/>
  <testcase classname="testCases.Assert_Validation" name="Validate_URl" time="5.067"/>
  <testcase classname="testCases.Assert_Validation" name="Validate_URl" time="5.061"/>
  <testcase classname="testCases.Assert_Validation" name="Validate_URl" time="5.068"/>
  <testcase classname="testCases.Assert_Validation" name="Validate_URl" time="5.08"/>
  <testcase classname="testCases.Assert_Validation" name="Validate_URl" time="5.065"/>
  <testcase classname="testCases.Assert_Validation" name="Validate_URl" time="5.077"/>
  <testcase classname="testCases.Assert_Validation" name="Verify_Printer" time="0.001"/>
  <testcase classname="testCases.Assert_Validation" name="Validate_Text" time="2.139"/>
  <testcase classname="testCases.Assert_Validation" name="Validate_username_nagetiveone" time="15.184"/>
  <testcase classname="testCases.NagetiveSendkeys" name="Verify_Printer" time="0.001"/>
  <testcase classname="testCases.NagetiveSendkeys" name="Validate_Text" time="2.597"/>
  <testcase classname="testCases.NagetiveSendkeys" name="LoginWith_SpecialChar" time="17.275"/>
  <testcase classname="testCases.NagetiveSendkeys" name="LoginWith_Digits" time="18.213"/>
  <testcase classname="testCases.NagetiveSendkeys" name="LoginWith_EmtyValues" time="19.488"/>
  <testcase classname="testCases.NagetiveSendkeys" name="Validate_username_Valid" time="15.296"/>
  <testcase classname="testCases.Validate_Login" name="Verify_Printer" time="0.002"/>
  <testcase classname="testCases.Validate_Login" name="Validate_URl" time="5.03"/>
  <testcase classname="testCases.Validate_Login" name="Validate_Title" time="0.026"/>
  <testcase classname="testCases.Validate_Login" name="Validate_Text" time="2.078"/>
  <testcase classname="testCases.Validate_Login" name="Validate_username_pass" time="12.972"/>
  <testcase classname="testCases.Validate_Login" name="Validate_LoginClick" time="2.287"/>
  <testcase classname="testCases.VerifyURL_TItle" name="Verify_Printer" time="0.001"/>
  <testcase classname="testCases.VerifyURL_TItle" name="Validate_URl" time="5.036"/>
  <testcase classname="testCases.VerifyURL_TItle" name="Validate_Title" time="0.014"/>
</testsuite> <!-- Test -->
