<?xml version="1.0" encoding="UTF-8"?>
<testng-results ignored="0" total="35" passed="35" failed="0" skipped="0">
  <reporter-output>
  </reporter-output>
  <suite started-at="2023-08-10T08:22:18 IST" name="Suite" finished-at="2023-08-10T08:26:53 IST" duration-ms="275106">
    <groups>
    </groups>
    <test started-at="2023-08-10T08:22:18 IST" name="Test" finished-at="2023-08-10T08:26:53 IST" duration-ms="275106">
      <class name="testCases.NagetiveSendkeys">
        <test-method is-config="true" signature="OpenBrowser()[pri:0, instance:testCases.NagetiveSendkeys@206a70ef]" started-at="2023-08-10T08:25:01 IST" name="OpenBrowser" finished-at="2023-08-10T08:25:04 IST" duration-ms="3474" status="PASS">
          <reporter-output>
          </reporter-output>
        </test-method> <!-- OpenBrowser -->
        <test-method signature="Verify_Printer()[pri:0, instance:testCases.NagetiveSendkeys@206a70ef]" started-at="2023-08-10T08:25:04 IST" name="Verify_Printer" finished-at="2023-08-10T08:25:04 IST" duration-ms="1" status="PASS">
          <reporter-output>
          </reporter-output>
        </test-method> <!-- Verify_Printer -->
        <test-method is-config="true" signature="Screenshot(org.testng.ITestResult)[pri:0, instance:testCases.NagetiveSendkeys@206a70ef]" started-at="2023-08-10T08:25:04 IST" name="Screenshot" finished-at="2023-08-10T08:25:04 IST" duration-ms="2" status="PASS">
          <params>
            <param index="0">
              <value>
                <![CDATA[[TestResult name=Verify_Printer status=SUCCESS method=NagetiveSendkeys.Verify_Printer()[pri:0, instance:testCases.NagetiveSendkeys@206a70ef] output={null}]]]>
              </value>
            </param>
          </params>
          <reporter-output>
          </reporter-output>
        </test-method> <!-- Screenshot -->
        <test-method signature="Validate_Text()[pri:1, instance:testCases.NagetiveSendkeys@206a70ef]" started-at="2023-08-10T08:25:04 IST" name="Validate_Text" finished-at="2023-08-10T08:25:07 IST" duration-ms="2597" status="PASS">
          <reporter-output>
          </reporter-output>
        </test-method> <!-- Validate_Text -->
        <test-method is-config="true" signature="Screenshot(org.testng.ITestResult)[pri:0, instance:testCases.NagetiveSendkeys@206a70ef]" started-at="2023-08-10T08:25:07 IST" name="Screenshot" finished-at="2023-08-10T08:25:07 IST" duration-ms="0" status="PASS">
          <params>
            <param index="0">
              <value>
                <![CDATA[[TestResult name=Validate_Text status=SUCCESS method=NagetiveSendkeys.Validate_Text()[pri:1, instance:testCases.NagetiveSendkeys@206a70ef] output={null}]]]>
              </value>
            </param>
          </params>
          <reporter-output>
          </reporter-output>
        </test-method> <!-- Screenshot -->
        <test-method signature="LoginWith_SpecialChar()[pri:2, instance:testCases.NagetiveSendkeys@206a70ef]" started-at="2023-08-10T08:25:07 IST" name="LoginWith_SpecialChar" finished-at="2023-08-10T08:25:24 IST" duration-ms="17275" status="PASS">
          <reporter-output>
          </reporter-output>
        </test-method> <!-- LoginWith_SpecialChar -->
        <test-method is-config="true" signature="Screenshot(org.testng.ITestResult)[pri:0, instance:testCases.NagetiveSendkeys@206a70ef]" started-at="2023-08-10T08:25:24 IST" name="Screenshot" finished-at="2023-08-10T08:25:24 IST" duration-ms="0" status="PASS">
          <params>
            <param index="0">
              <value>
                <![CDATA[[TestResult name=LoginWith_SpecialChar status=SUCCESS method=NagetiveSendkeys.LoginWith_SpecialChar()[pri:2, instance:testCases.NagetiveSendkeys@206a70ef] output={null}]]]>
              </value>
            </param>
          </params>
          <reporter-output>
          </reporter-output>
        </test-method> <!-- Screenshot -->
        <test-method signature="LoginWith_Digits()[pri:3, instance:testCases.NagetiveSendkeys@206a70ef]" started-at="2023-08-10T08:25:24 IST" name="LoginWith_Digits" finished-at="2023-08-10T08:25:43 IST" duration-ms="18213" status="PASS">
          <reporter-output>
          </reporter-output>
        </test-method> <!-- LoginWith_Digits -->
        <test-method is-config="true" signature="Screenshot(org.testng.ITestResult)[pri:0, instance:testCases.NagetiveSendkeys@206a70ef]" started-at="2023-08-10T08:25:43 IST" name="Screenshot" finished-at="2023-08-10T08:25:43 IST" duration-ms="1" status="PASS">
          <params>
            <param index="0">
              <value>
                <![CDATA[[TestResult name=LoginWith_Digits status=SUCCESS method=NagetiveSendkeys.LoginWith_Digits()[pri:3, instance:testCases.NagetiveSendkeys@206a70ef] output={null}]]]>
              </value>
            </param>
          </params>
          <reporter-output>
          </reporter-output>
        </test-method> <!-- Screenshot -->
        <test-method signature="LoginWith_EmtyValues()[pri:4, instance:testCases.NagetiveSendkeys@206a70ef]" started-at="2023-08-10T08:25:43 IST" name="LoginWith_EmtyValues" finished-at="2023-08-10T08:26:02 IST" duration-ms="19488" status="PASS">
          <reporter-output>
          </reporter-output>
        </test-method> <!-- LoginWith_EmtyValues -->
        <test-method is-config="true" signature="Screenshot(org.testng.ITestResult)[pri:0, instance:testCases.NagetiveSendkeys@206a70ef]" started-at="2023-08-10T08:26:02 IST" name="Screenshot" finished-at="2023-08-10T08:26:02 IST" duration-ms="1" status="PASS">
          <params>
            <param index="0">
              <value>
                <![CDATA[[TestResult name=LoginWith_EmtyValues status=SUCCESS method=NagetiveSendkeys.LoginWith_EmtyValues()[pri:4, instance:testCases.NagetiveSendkeys@206a70ef] output={null}]]]>
              </value>
            </param>
          </params>
          <reporter-output>
          </reporter-output>
        </test-method> <!-- Screenshot -->
        <test-method signature="Validate_username_Valid()[pri:5, instance:testCases.NagetiveSendkeys@206a70ef]" started-at="2023-08-10T08:26:02 IST" name="Validate_username_Valid" finished-at="2023-08-10T08:26:17 IST" duration-ms="15296" status="PASS">
          <reporter-output>
          </reporter-output>
        </test-method> <!-- Validate_username_Valid -->
        <test-method is-config="true" signature="Screenshot(org.testng.ITestResult)[pri:0, instance:testCases.NagetiveSendkeys@206a70ef]" started-at="2023-08-10T08:26:17 IST" name="Screenshot" finished-at="2023-08-10T08:26:17 IST" duration-ms="1" status="PASS">
          <params>
            <param index="0">
              <value>
                <![CDATA[[TestResult name=Validate_username_Valid status=SUCCESS method=NagetiveSendkeys.Validate_username_Valid()[pri:5, instance:testCases.NagetiveSendkeys@206a70ef] output={null}]]]>
              </value>
            </param>
          </params>
          <reporter-output>
          </reporter-output>
        </test-method> <!-- Screenshot -->
        <test-method is-config="true" signature="closewindow()[pri:0, instance:testCases.NagetiveSendkeys@206a70ef]" started-at="2023-08-10T08:26:17 IST" name="closewindow" finished-at="2023-08-10T08:26:18 IST" duration-ms="177" status="PASS">
          <reporter-output>
          </reporter-output>
        </test-method> <!-- closewindow -->
      </class> <!-- testCases.NagetiveSendkeys -->
      <class name="testCases.Assert_Validation">
        <test-method is-config="true" signature="OpenBrowser()[pri:0, instance:testCases.Assert_Validation@c730b35]" started-at="2023-08-10T08:23:46 IST" name="OpenBrowser" finished-at="2023-08-10T08:23:53 IST" duration-ms="6488" status="PASS">
          <reporter-output>
          </reporter-output>
        </test-method> <!-- OpenBrowser -->
        <test-method signature="Validate_URl()[pri:0, instance:testCases.Assert_Validation@c730b35]" started-at="2023-08-10T08:23:53 IST" name="Validate_URl" finished-at="2023-08-10T08:23:58 IST" duration-ms="5064" status="PASS">
          <reporter-output>
          </reporter-output>
        </test-method> <!-- Validate_URl -->
        <test-method is-config="true" signature="Screenshot(org.testng.ITestResult)[pri:0, instance:testCases.Assert_Validation@c730b35]" started-at="2023-08-10T08:23:58 IST" name="Screenshot" finished-at="2023-08-10T08:23:58 IST" duration-ms="0" status="PASS">
          <params>
            <param index="0">
              <value>
                <![CDATA[[TestResult name=Validate_URl status=SUCCESS method=Assert_Validation.Validate_URl()[pri:0, instance:testCases.Assert_Validation@c730b35] output={null}]]]>
              </value>
            </param>
          </params>
          <reporter-output>
          </reporter-output>
        </test-method> <!-- Screenshot -->
        <test-method signature="Validate_URl()[pri:0, instance:testCases.Assert_Validation@c730b35]" started-at="2023-08-10T08:23:58 IST" name="Validate_URl" finished-at="2023-08-10T08:24:03 IST" duration-ms="5073" status="PASS">
          <reporter-output>
          </reporter-output>
        </test-method> <!-- Validate_URl -->
        <test-method is-config="true" signature="Screenshot(org.testng.ITestResult)[pri:0, instance:testCases.Assert_Validation@c730b35]" started-at="2023-08-10T08:24:03 IST" name="Screenshot" finished-at="2023-08-10T08:24:03 IST" duration-ms="0" status="PASS">
          <params>
            <param index="0">
              <value>
                <![CDATA[[TestResult name=Validate_URl status=SUCCESS method=Assert_Validation.Validate_URl()[pri:0, instance:testCases.Assert_Validation@c730b35] output={null}]]]>
              </value>
            </param>
          </params>
          <reporter-output>
          </reporter-output>
        </test-method> <!-- Screenshot -->
        <test-method signature="Validate_URl()[pri:0, instance:testCases.Assert_Validation@c730b35]" started-at="2023-08-10T08:24:03 IST" name="Validate_URl" finished-at="2023-08-10T08:24:08 IST" duration-ms="5080" status="PASS">
          <reporter-output>
          </reporter-output>
        </test-method> <!-- Validate_URl -->
        <test-method is-config="true" signature="Screenshot(org.testng.ITestResult)[pri:0, instance:testCases.Assert_Validation@c730b35]" started-at="2023-08-10T08:24:08 IST" name="Screenshot" finished-at="2023-08-10T08:24:08 IST" duration-ms="0" status="PASS">
          <params>
            <param index="0">
              <value>
                <![CDATA[[TestResult name=Validate_URl status=SUCCESS method=Assert_Validation.Validate_URl()[pri:0, instance:testCases.Assert_Validation@c730b35] output={null}]]]>
              </value>
            </param>
          </params>
          <reporter-output>
          </reporter-output>
        </test-method> <!-- Screenshot -->
        <test-method signature="Validate_URl()[pri:0, instance:testCases.Assert_Validation@c730b35]" started-at="2023-08-10T08:24:08 IST" name="Validate_URl" finished-at="2023-08-10T08:24:13 IST" duration-ms="5088" status="PASS">
          <reporter-output>
          </reporter-output>
        </test-method> <!-- Validate_URl -->
        <test-method is-config="true" signature="Screenshot(org.testng.ITestResult)[pri:0, instance:testCases.Assert_Validation@c730b35]" started-at="2023-08-10T08:24:13 IST" name="Screenshot" finished-at="2023-08-10T08:24:13 IST" duration-ms="1" status="PASS">
          <params>
            <param index="0">
              <value>
                <![CDATA[[TestResult name=Validate_URl status=SUCCESS method=Assert_Validation.Validate_URl()[pri:0, instance:testCases.Assert_Validation@c730b35] output={null}]]]>
              </value>
            </param>
          </params>
          <reporter-output>
          </reporter-output>
        </test-method> <!-- Screenshot -->
        <test-method signature="Validate_URl()[pri:0, instance:testCases.Assert_Validation@c730b35]" started-at="2023-08-10T08:24:13 IST" name="Validate_URl" finished-at="2023-08-10T08:24:18 IST" duration-ms="5067" status="PASS">
          <reporter-output>
          </reporter-output>
        </test-method> <!-- Validate_URl -->
        <test-method signature="Validate_URl()[pri:0, instance:testCases.Assert_Validation@c730b35]" started-at="2023-08-10T08:24:18 IST" name="Validate_URl" finished-at="2023-08-10T08:24:23 IST" duration-ms="5061" status="PASS">
          <reporter-output>
          </reporter-output>
        </test-method> <!-- Validate_URl -->
        <test-method is-config="true" signature="Screenshot(org.testng.ITestResult)[pri:0, instance:testCases.Assert_Validation@c730b35]" started-at="2023-08-10T08:24:18 IST" name="Screenshot" finished-at="2023-08-10T08:24:18 IST" duration-ms="0" status="PASS">
          <params>
            <param index="0">
              <value>
                <![CDATA[[TestResult name=Validate_URl status=SUCCESS method=Assert_Validation.Validate_URl()[pri:0, instance:testCases.Assert_Validation@c730b35] output={null}]]]>
              </value>
            </param>
          </params>
          <reporter-output>
          </reporter-output>
        </test-method> <!-- Screenshot -->
        <test-method is-config="true" signature="Screenshot(org.testng.ITestResult)[pri:0, instance:testCases.Assert_Validation@c730b35]" started-at="2023-08-10T08:24:23 IST" name="Screenshot" finished-at="2023-08-10T08:24:23 IST" duration-ms="1" status="PASS">
          <params>
            <param index="0">
              <value>
                <![CDATA[[TestResult name=Validate_URl status=SUCCESS method=Assert_Validation.Validate_URl()[pri:0, instance:testCases.Assert_Validation@c730b35] output={null}]]]>
              </value>
            </param>
          </params>
          <reporter-output>
          </reporter-output>
        </test-method> <!-- Screenshot -->
        <test-method signature="Validate_URl()[pri:0, instance:testCases.Assert_Validation@c730b35]" started-at="2023-08-10T08:24:23 IST" name="Validate_URl" finished-at="2023-08-10T08:24:28 IST" duration-ms="5068" status="PASS">
          <reporter-output>
          </reporter-output>
        </test-method> <!-- Validate_URl -->
        <test-method signature="Validate_URl()[pri:0, instance:testCases.Assert_Validation@c730b35]" started-at="2023-08-10T08:24:28 IST" name="Validate_URl" finished-at="2023-08-10T08:24:33 IST" duration-ms="5080" status="PASS">
          <reporter-output>
          </reporter-output>
        </test-method> <!-- Validate_URl -->
        <test-method is-config="true" signature="Screenshot(org.testng.ITestResult)[pri:0, instance:testCases.Assert_Validation@c730b35]" started-at="2023-08-10T08:24:28 IST" name="Screenshot" finished-at="2023-08-10T08:24:28 IST" duration-ms="0" status="PASS">
          <params>
            <param index="0">
              <value>
                <![CDATA[[TestResult name=Validate_URl status=SUCCESS method=Assert_Validation.Validate_URl()[pri:0, instance:testCases.Assert_Validation@c730b35] output={null}]]]>
              </value>
            </param>
          </params>
          <reporter-output>
          </reporter-output>
        </test-method> <!-- Screenshot -->
        <test-method is-config="true" signature="Screenshot(org.testng.ITestResult)[pri:0, instance:testCases.Assert_Validation@c730b35]" started-at="2023-08-10T08:24:33 IST" name="Screenshot" finished-at="2023-08-10T08:24:33 IST" duration-ms="0" status="PASS">
          <params>
            <param index="0">
              <value>
                <![CDATA[[TestResult name=Validate_URl status=SUCCESS method=Assert_Validation.Validate_URl()[pri:0, instance:testCases.Assert_Validation@c730b35] output={null}]]]>
              </value>
            </param>
          </params>
          <reporter-output>
          </reporter-output>
        </test-method> <!-- Screenshot -->
        <test-method signature="Validate_URl()[pri:0, instance:testCases.Assert_Validation@c730b35]" started-at="2023-08-10T08:24:33 IST" name="Validate_URl" finished-at="2023-08-10T08:24:38 IST" duration-ms="5065" status="PASS">
          <reporter-output>
          </reporter-output>
        </test-method> <!-- Validate_URl -->
        <test-method is-config="true" signature="Screenshot(org.testng.ITestResult)[pri:0, instance:testCases.Assert_Validation@c730b35]" started-at="2023-08-10T08:24:38 IST" name="Screenshot" finished-at="2023-08-10T08:24:38 IST" duration-ms="1" status="PASS">
          <params>
            <param index="0">
              <value>
                <![CDATA[[TestResult name=Validate_URl status=SUCCESS method=Assert_Validation.Validate_URl()[pri:0, instance:testCases.Assert_Validation@c730b35] output={null}]]]>
              </value>
            </param>
          </params>
          <reporter-output>
          </reporter-output>
        </test-method> <!-- Screenshot -->
        <test-method signature="Validate_URl()[pri:0, instance:testCases.Assert_Validation@c730b35]" started-at="2023-08-10T08:24:38 IST" name="Validate_URl" finished-at="2023-08-10T08:24:43 IST" duration-ms="5077" status="PASS">
          <reporter-output>
          </reporter-output>
        </test-method> <!-- Validate_URl -->
        <test-method is-config="true" signature="Screenshot(org.testng.ITestResult)[pri:0, instance:testCases.Assert_Validation@c730b35]" started-at="2023-08-10T08:24:43 IST" name="Screenshot" finished-at="2023-08-10T08:24:43 IST" duration-ms="0" status="PASS">
          <params>
            <param index="0">
              <value>
                <![CDATA[[TestResult name=Validate_URl status=SUCCESS method=Assert_Validation.Validate_URl()[pri:0, instance:testCases.Assert_Validation@c730b35] output={null}]]]>
              </value>
            </param>
          </params>
          <reporter-output>
          </reporter-output>
        </test-method> <!-- Screenshot -->
        <test-method signature="Verify_Printer()[pri:0, instance:testCases.Assert_Validation@c730b35]" started-at="2023-08-10T08:24:43 IST" name="Verify_Printer" finished-at="2023-08-10T08:24:43 IST" duration-ms="1" status="PASS">
          <reporter-output>
          </reporter-output>
        </test-method> <!-- Verify_Printer -->
        <test-method is-config="true" signature="Screenshot(org.testng.ITestResult)[pri:0, instance:testCases.Assert_Validation@c730b35]" started-at="2023-08-10T08:24:43 IST" name="Screenshot" finished-at="2023-08-10T08:24:43 IST" duration-ms="1" status="PASS">
          <params>
            <param index="0">
              <value>
                <![CDATA[[TestResult name=Verify_Printer status=SUCCESS method=Assert_Validation.Verify_Printer()[pri:0, instance:testCases.Assert_Validation@c730b35] output={null}]]]>
              </value>
            </param>
          </params>
          <reporter-output>
          </reporter-output>
        </test-method> <!-- Screenshot -->
        <test-method signature="Validate_Text()[pri:2, instance:testCases.Assert_Validation@c730b35]" started-at="2023-08-10T08:24:43 IST" name="Validate_Text" finished-at="2023-08-10T08:24:46 IST" duration-ms="2139" status="PASS">
          <reporter-output>
          </reporter-output>
        </test-method> <!-- Validate_Text -->
        <test-method is-config="true" signature="Screenshot(org.testng.ITestResult)[pri:0, instance:testCases.Assert_Validation@c730b35]" started-at="2023-08-10T08:24:46 IST" name="Screenshot" finished-at="2023-08-10T08:24:46 IST" duration-ms="0" status="PASS">
          <params>
            <param index="0">
              <value>
                <![CDATA[[TestResult name=Validate_Text status=SUCCESS method=Assert_Validation.Validate_Text()[pri:2, instance:testCases.Assert_Validation@c730b35] output={null}]]]>
              </value>
            </param>
          </params>
          <reporter-output>
          </reporter-output>
        </test-method> <!-- Screenshot -->
        <test-method signature="Validate_username_nagetiveone()[pri:3, instance:testCases.Assert_Validation@c730b35]" started-at="2023-08-10T08:24:46 IST" name="Validate_username_nagetiveone" finished-at="2023-08-10T08:25:01 IST" duration-ms="15184" status="PASS">
          <reporter-output>
          </reporter-output>
        </test-method> <!-- Validate_username_nagetiveone -->
        <test-method is-config="true" signature="Screenshot(org.testng.ITestResult)[pri:0, instance:testCases.Assert_Validation@c730b35]" started-at="2023-08-10T08:25:01 IST" name="Screenshot" finished-at="2023-08-10T08:25:01 IST" duration-ms="0" status="PASS">
          <params>
            <param index="0">
              <value>
                <![CDATA[[TestResult name=Validate_username_nagetiveone status=SUCCESS method=Assert_Validation.Validate_username_nagetiveone()[pri:3, instance:testCases.Assert_Validation@c730b35] output={null}]]]>
              </value>
            </param>
          </params>
          <reporter-output>
          </reporter-output>
        </test-method> <!-- Screenshot -->
        <test-method is-config="true" signature="closewindow()[pri:0, instance:testCases.Assert_Validation@c730b35]" started-at="2023-08-10T08:25:01 IST" name="closewindow" finished-at="2023-08-10T08:25:01 IST" duration-ms="157" status="PASS">
          <reporter-output>
          </reporter-output>
        </test-method> <!-- closewindow -->
      </class> <!-- testCases.Assert_Validation -->
      <class name="testCases.SenkeysMethds">
        <test-method is-config="true" signature="OpenBrowser()[pri:0, instance:testCases.SenkeysMethds@5b7a5baa]" started-at="2023-08-10T08:22:18 IST" name="OpenBrowser" finished-at="2023-08-10T08:22:29 IST" duration-ms="11446" status="PASS">
          <reporter-output>
          </reporter-output>
        </test-method> <!-- OpenBrowser -->
        <test-method signature="Verify_Printer()[pri:0, instance:testCases.SenkeysMethds@5b7a5baa]" started-at="2023-08-10T08:22:29 IST" name="Verify_Printer" finished-at="2023-08-10T08:22:29 IST" duration-ms="18" status="PASS">
          <reporter-output>
          </reporter-output>
        </test-method> <!-- Verify_Printer -->
        <test-method is-config="true" signature="Screenshot(org.testng.ITestResult)[pri:0, instance:testCases.SenkeysMethds@5b7a5baa]" started-at="2023-08-10T08:22:29 IST" name="Screenshot" finished-at="2023-08-10T08:22:29 IST" duration-ms="10" status="PASS">
          <params>
            <param index="0">
              <value>
                <![CDATA[[TestResult name=Verify_Printer status=SUCCESS method=SenkeysMethds.Verify_Printer()[pri:0, instance:testCases.SenkeysMethds@5b7a5baa] output={null}]]]>
              </value>
            </param>
          </params>
          <reporter-output>
          </reporter-output>
        </test-method> <!-- Screenshot -->
        <test-method signature="Validate_URl()[pri:1, instance:testCases.SenkeysMethds@5b7a5baa]" started-at="2023-08-10T08:22:29 IST" name="Validate_URl" finished-at="2023-08-10T08:22:34 IST" duration-ms="5074" status="PASS">
          <reporter-output>
          </reporter-output>
        </test-method> <!-- Validate_URl -->
        <test-method is-config="true" signature="Screenshot(org.testng.ITestResult)[pri:0, instance:testCases.SenkeysMethds@5b7a5baa]" started-at="2023-08-10T08:22:34 IST" name="Screenshot" finished-at="2023-08-10T08:22:34 IST" duration-ms="1" status="PASS">
          <params>
            <param index="0">
              <value>
                <![CDATA[[TestResult name=Validate_URl status=SUCCESS method=SenkeysMethds.Validate_URl()[pri:1, instance:testCases.SenkeysMethds@5b7a5baa] output={null}]]]>
              </value>
            </param>
          </params>
          <reporter-output>
          </reporter-output>
        </test-method> <!-- Screenshot -->
        <test-method signature="Validate_Text()[pri:2, instance:testCases.SenkeysMethds@5b7a5baa]" started-at="2023-08-10T08:22:34 IST" name="Validate_Text" finished-at="2023-08-10T08:22:36 IST" duration-ms="2154" status="PASS">
          <reporter-output>
          </reporter-output>
        </test-method> <!-- Validate_Text -->
        <test-method is-config="true" signature="Screenshot(org.testng.ITestResult)[pri:0, instance:testCases.SenkeysMethds@5b7a5baa]" started-at="2023-08-10T08:22:36 IST" name="Screenshot" finished-at="2023-08-10T08:22:36 IST" duration-ms="0" status="PASS">
          <params>
            <param index="0">
              <value>
                <![CDATA[[TestResult name=Validate_Text status=SUCCESS method=SenkeysMethds.Validate_Text()[pri:2, instance:testCases.SenkeysMethds@5b7a5baa] output={null}]]]>
              </value>
            </param>
          </params>
          <reporter-output>
          </reporter-output>
        </test-method> <!-- Screenshot -->
        <test-method signature="Validate_username_nagetiveone()[pri:3, instance:testCases.SenkeysMethds@5b7a5baa]" started-at="2023-08-10T08:22:36 IST" name="Validate_username_nagetiveone" finished-at="2023-08-10T08:22:54 IST" duration-ms="17512" status="PASS">
          <reporter-output>
          </reporter-output>
        </test-method> <!-- Validate_username_nagetiveone -->
        <test-method is-config="true" signature="Screenshot(org.testng.ITestResult)[pri:0, instance:testCases.SenkeysMethds@5b7a5baa]" started-at="2023-08-10T08:22:54 IST" name="Screenshot" finished-at="2023-08-10T08:22:54 IST" duration-ms="1" status="PASS">
          <params>
            <param index="0">
              <value>
                <![CDATA[[TestResult name=Validate_username_nagetiveone status=SUCCESS method=SenkeysMethds.Validate_username_nagetiveone()[pri:3, instance:testCases.SenkeysMethds@5b7a5baa] output={null}]]]>
              </value>
            </param>
          </params>
          <reporter-output>
          </reporter-output>
        </test-method> <!-- Screenshot -->
        <test-method signature="Validate_username_nagetivetwo()[pri:4, instance:testCases.SenkeysMethds@5b7a5baa]" started-at="2023-08-10T08:22:54 IST" name="Validate_username_nagetivetwo" finished-at="2023-08-10T08:23:11 IST" duration-ms="17421" status="PASS">
          <reporter-output>
          </reporter-output>
        </test-method> <!-- Validate_username_nagetivetwo -->
        <test-method is-config="true" signature="Screenshot(org.testng.ITestResult)[pri:0, instance:testCases.SenkeysMethds@5b7a5baa]" started-at="2023-08-10T08:23:11 IST" name="Screenshot" finished-at="2023-08-10T08:23:11 IST" duration-ms="1" status="PASS">
          <params>
            <param index="0">
              <value>
                <![CDATA[[TestResult name=Validate_username_nagetivetwo status=SUCCESS method=SenkeysMethds.Validate_username_nagetivetwo()[pri:4, instance:testCases.SenkeysMethds@5b7a5baa] output={null}]]]>
              </value>
            </param>
          </params>
          <reporter-output>
          </reporter-output>
        </test-method> <!-- Screenshot -->
        <test-method signature="Validate_username_nagetivethree()[pri:5, instance:testCases.SenkeysMethds@5b7a5baa]" started-at="2023-08-10T08:23:11 IST" name="Validate_username_nagetivethree" finished-at="2023-08-10T08:23:31 IST" duration-ms="19482" status="PASS">
          <reporter-output>
          </reporter-output>
        </test-method> <!-- Validate_username_nagetivethree -->
        <test-method is-config="true" signature="Screenshot(org.testng.ITestResult)[pri:0, instance:testCases.SenkeysMethds@5b7a5baa]" started-at="2023-08-10T08:23:31 IST" name="Screenshot" finished-at="2023-08-10T08:23:31 IST" duration-ms="1" status="PASS">
          <params>
            <param index="0">
              <value>
                <![CDATA[[TestResult name=Validate_username_nagetivethree status=SUCCESS method=SenkeysMethds.Validate_username_nagetivethree()[pri:5, instance:testCases.SenkeysMethds@5b7a5baa] output={null}]]]>
              </value>
            </param>
          </params>
          <reporter-output>
          </reporter-output>
        </test-method> <!-- Screenshot -->
        <test-method signature="Validate_username_Valid()[pri:6, instance:testCases.SenkeysMethds@5b7a5baa]" started-at="2023-08-10T08:23:31 IST" name="Validate_username_Valid" finished-at="2023-08-10T08:23:46 IST" duration-ms="15352" status="PASS">
          <reporter-output>
          </reporter-output>
        </test-method> <!-- Validate_username_Valid -->
        <test-method is-config="true" signature="Screenshot(org.testng.ITestResult)[pri:0, instance:testCases.SenkeysMethds@5b7a5baa]" started-at="2023-08-10T08:23:46 IST" name="Screenshot" finished-at="2023-08-10T08:23:46 IST" duration-ms="3" status="PASS">
          <params>
            <param index="0">
              <value>
                <![CDATA[[TestResult name=Validate_username_Valid status=SUCCESS method=SenkeysMethds.Validate_username_Valid()[pri:6, instance:testCases.SenkeysMethds@5b7a5baa] output={null}]]]>
              </value>
            </param>
          </params>
          <reporter-output>
          </reporter-output>
        </test-method> <!-- Screenshot -->
        <test-method is-config="true" signature="closewindow()[pri:0, instance:testCases.SenkeysMethds@5b7a5baa]" started-at="2023-08-10T08:23:46 IST" name="closewindow" finished-at="2023-08-10T08:23:46 IST" duration-ms="174" status="PASS">
          <reporter-output>
          </reporter-output>
        </test-method> <!-- closewindow -->
      </class> <!-- testCases.SenkeysMethds -->
      <class name="testCases.VerifyURL_TItle">
        <test-method is-config="true" signature="OpenBrowser()[pri:0, instance:testCases.VerifyURL_TItle@22555ebf]" started-at="2023-08-10T08:26:44 IST" name="OpenBrowser" finished-at="2023-08-10T08:26:47 IST" duration-ms="3676" status="PASS">
          <reporter-output>
          </reporter-output>
        </test-method> <!-- OpenBrowser -->
        <test-method signature="Verify_Printer()[pri:0, instance:testCases.VerifyURL_TItle@22555ebf]" started-at="2023-08-10T08:26:47 IST" name="Verify_Printer" finished-at="2023-08-10T08:26:47 IST" duration-ms="1" status="PASS">
          <reporter-output>
          </reporter-output>
        </test-method> <!-- Verify_Printer -->
        <test-method is-config="true" signature="Screenshot(org.testng.ITestResult)[pri:0, instance:testCases.VerifyURL_TItle@22555ebf]" started-at="2023-08-10T08:26:47 IST" name="Screenshot" finished-at="2023-08-10T08:26:47 IST" duration-ms="1" status="PASS">
          <params>
            <param index="0">
              <value>
                <![CDATA[[TestResult name=Verify_Printer status=SUCCESS method=VerifyURL_TItle.Verify_Printer()[pri:0, instance:testCases.VerifyURL_TItle@22555ebf] output={null}]]]>
              </value>
            </param>
          </params>
          <reporter-output>
          </reporter-output>
        </test-method> <!-- Screenshot -->
        <test-method signature="Validate_URl()[pri:1, instance:testCases.VerifyURL_TItle@22555ebf]" started-at="2023-08-10T08:26:47 IST" name="Validate_URl" finished-at="2023-08-10T08:26:52 IST" duration-ms="5036" status="PASS">
          <reporter-output>
          </reporter-output>
        </test-method> <!-- Validate_URl -->
        <test-method signature="Validate_Title()[pri:2, instance:testCases.VerifyURL_TItle@22555ebf]" started-at="2023-08-10T08:26:52 IST" name="Validate_Title" finished-at="2023-08-10T08:26:52 IST" duration-ms="14" status="PASS">
          <reporter-output>
          </reporter-output>
        </test-method> <!-- Validate_Title -->
        <test-method is-config="true" signature="Screenshot(org.testng.ITestResult)[pri:0, instance:testCases.VerifyURL_TItle@22555ebf]" started-at="2023-08-10T08:26:52 IST" name="Screenshot" finished-at="2023-08-10T08:26:52 IST" duration-ms="0" status="PASS">
          <params>
            <param index="0">
              <value>
                <![CDATA[[TestResult name=Validate_URl status=SUCCESS method=VerifyURL_TItle.Validate_URl()[pri:1, instance:testCases.VerifyURL_TItle@22555ebf] output={null}]]]>
              </value>
            </param>
          </params>
          <reporter-output>
          </reporter-output>
        </test-method> <!-- Screenshot -->
        <test-method is-config="true" signature="closewindow()[pri:0, instance:testCases.VerifyURL_TItle@22555ebf]" started-at="2023-08-10T08:26:52 IST" name="closewindow" finished-at="2023-08-10T08:26:53 IST" duration-ms="152" status="PASS">
          <reporter-output>
          </reporter-output>
        </test-method> <!-- closewindow -->
        <test-method is-config="true" signature="Screenshot(org.testng.ITestResult)[pri:0, instance:testCases.VerifyURL_TItle@22555ebf]" started-at="2023-08-10T08:26:52 IST" name="Screenshot" finished-at="2023-08-10T08:26:52 IST" duration-ms="0" status="PASS">
          <params>
            <param index="0">
              <value>
                <![CDATA[[TestResult name=Validate_Title status=SUCCESS method=VerifyURL_TItle.Validate_Title()[pri:2, instance:testCases.VerifyURL_TItle@22555ebf] output={null}]]]>
              </value>
            </param>
          </params>
          <reporter-output>
          </reporter-output>
        </test-method> <!-- Screenshot -->
      </class> <!-- testCases.VerifyURL_TItle -->
      <class name="testCases.Validate_Login">
        <test-method is-config="true" signature="OpenBrowser()[pri:0, instance:testCases.Validate_Login@292b08d6]" started-at="2023-08-10T08:26:18 IST" name="OpenBrowser" finished-at="2023-08-10T08:26:21 IST" duration-ms="3690" status="PASS">
          <reporter-output>
          </reporter-output>
        </test-method> <!-- OpenBrowser -->
        <test-method signature="Verify_Printer()[pri:0, instance:testCases.Validate_Login@292b08d6]" started-at="2023-08-10T08:26:21 IST" name="Verify_Printer" finished-at="2023-08-10T08:26:21 IST" duration-ms="2" status="PASS">
          <reporter-output>
          </reporter-output>
        </test-method> <!-- Verify_Printer -->
        <test-method is-config="true" signature="Screenshot(org.testng.ITestResult)[pri:0, instance:testCases.Validate_Login@292b08d6]" started-at="2023-08-10T08:26:21 IST" name="Screenshot" finished-at="2023-08-10T08:26:21 IST" duration-ms="3" status="PASS">
          <params>
            <param index="0">
              <value>
                <![CDATA[[TestResult name=Verify_Printer status=SUCCESS method=Validate_Login.Verify_Printer()[pri:0, instance:testCases.Validate_Login@292b08d6] output={null}]]]>
              </value>
            </param>
          </params>
          <reporter-output>
          </reporter-output>
        </test-method> <!-- Screenshot -->
        <test-method signature="Validate_URl()[pri:1, instance:testCases.Validate_Login@292b08d6]" started-at="2023-08-10T08:26:21 IST" name="Validate_URl" finished-at="2023-08-10T08:26:26 IST" duration-ms="5030" status="PASS">
          <reporter-output>
          </reporter-output>
        </test-method> <!-- Validate_URl -->
        <test-method is-config="true" signature="Screenshot(org.testng.ITestResult)[pri:0, instance:testCases.Validate_Login@292b08d6]" started-at="2023-08-10T08:26:26 IST" name="Screenshot" finished-at="2023-08-10T08:26:26 IST" duration-ms="0" status="PASS">
          <params>
            <param index="0">
              <value>
                <![CDATA[[TestResult name=Validate_URl status=SUCCESS method=Validate_Login.Validate_URl()[pri:1, instance:testCases.Validate_Login@292b08d6] output={null}]]]>
              </value>
            </param>
          </params>
          <reporter-output>
          </reporter-output>
        </test-method> <!-- Screenshot -->
        <test-method signature="Validate_Title()[pri:2, instance:testCases.Validate_Login@292b08d6]" started-at="2023-08-10T08:26:26 IST" name="Validate_Title" finished-at="2023-08-10T08:26:26 IST" duration-ms="26" status="PASS">
          <reporter-output>
          </reporter-output>
        </test-method> <!-- Validate_Title -->
        <test-method is-config="true" signature="Screenshot(org.testng.ITestResult)[pri:0, instance:testCases.Validate_Login@292b08d6]" started-at="2023-08-10T08:26:26 IST" name="Screenshot" finished-at="2023-08-10T08:26:26 IST" duration-ms="0" status="PASS">
          <params>
            <param index="0">
              <value>
                <![CDATA[[TestResult name=Validate_Title status=SUCCESS method=Validate_Login.Validate_Title()[pri:2, instance:testCases.Validate_Login@292b08d6] output={null}]]]>
              </value>
            </param>
          </params>
          <reporter-output>
          </reporter-output>
        </test-method> <!-- Screenshot -->
        <test-method signature="Validate_Text()[pri:3, instance:testCases.Validate_Login@292b08d6]" started-at="2023-08-10T08:26:26 IST" name="Validate_Text" finished-at="2023-08-10T08:26:28 IST" duration-ms="2078" status="PASS">
          <reporter-output>
          </reporter-output>
        </test-method> <!-- Validate_Text -->
        <test-method is-config="true" signature="Screenshot(org.testng.ITestResult)[pri:0, instance:testCases.Validate_Login@292b08d6]" started-at="2023-08-10T08:26:28 IST" name="Screenshot" finished-at="2023-08-10T08:26:28 IST" duration-ms="1" status="PASS">
          <params>
            <param index="0">
              <value>
                <![CDATA[[TestResult name=Validate_Text status=SUCCESS method=Validate_Login.Validate_Text()[pri:3, instance:testCases.Validate_Login@292b08d6] output={null}]]]>
              </value>
            </param>
          </params>
          <reporter-output>
          </reporter-output>
        </test-method> <!-- Screenshot -->
        <test-method signature="Validate_username_pass()[pri:4, instance:testCases.Validate_Login@292b08d6]" started-at="2023-08-10T08:26:28 IST" name="Validate_username_pass" finished-at="2023-08-10T08:26:41 IST" duration-ms="12972" status="PASS">
          <reporter-output>
          </reporter-output>
        </test-method> <!-- Validate_username_pass -->
        <test-method is-config="true" signature="Screenshot(org.testng.ITestResult)[pri:0, instance:testCases.Validate_Login@292b08d6]" started-at="2023-08-10T08:26:41 IST" name="Screenshot" finished-at="2023-08-10T08:26:41 IST" duration-ms="0" status="PASS">
          <params>
            <param index="0">
              <value>
                <![CDATA[[TestResult name=Validate_username_pass status=SUCCESS method=Validate_Login.Validate_username_pass()[pri:4, instance:testCases.Validate_Login@292b08d6] output={null}]]]>
              </value>
            </param>
          </params>
          <reporter-output>
          </reporter-output>
        </test-method> <!-- Screenshot -->
        <test-method signature="Validate_LoginClick()[pri:5, instance:testCases.Validate_Login@292b08d6]" started-at="2023-08-10T08:26:41 IST" name="Validate_LoginClick" finished-at="2023-08-10T08:26:44 IST" duration-ms="2287" status="PASS">
          <reporter-output>
          </reporter-output>
        </test-method> <!-- Validate_LoginClick -->
        <test-method is-config="true" signature="Screenshot(org.testng.ITestResult)[pri:0, instance:testCases.Validate_Login@292b08d6]" started-at="2023-08-10T08:26:44 IST" name="Screenshot" finished-at="2023-08-10T08:26:44 IST" duration-ms="0" status="PASS">
          <params>
            <param index="0">
              <value>
                <![CDATA[[TestResult name=Validate_LoginClick status=SUCCESS method=Validate_Login.Validate_LoginClick()[pri:5, instance:testCases.Validate_Login@292b08d6] output={null}]]]>
              </value>
            </param>
          </params>
          <reporter-output>
          </reporter-output>
        </test-method> <!-- Screenshot -->
        <test-method is-config="true" signature="closewindow()[pri:0, instance:testCases.Validate_Login@292b08d6]" started-at="2023-08-10T08:26:44 IST" name="closewindow" finished-at="2023-08-10T08:26:44 IST" duration-ms="102" status="PASS">
          <reporter-output>
          </reporter-output>
        </test-method> <!-- closewindow -->
      </class> <!-- testCases.Validate_Login -->
    </test> <!-- Test -->
  </suite> <!-- Suite -->
</testng-results>
